<?xml version="1.0" encoding="UTF-8"?>
<testng-results ignored="0" total="3" passed="1" failed="2" skipped="0">
  <reporter-output>
    <line>
      <![CDATA[Test case failed, title didn't match]]>
    </line>
    <line>
      <![CDATA[Screenshot taken due to: TitleMismatch]]>
    </line>
    <line>
      <![CDATA[Test case failed, title didn't match]]>
    </line>
    <line>
      <![CDATA[Screenshot taken due to: TitleMismatch]]>
    </line>
  </reporter-output>
  <suite started-at="2024-08-11T23:25:12 PDT" name="Default suite" finished-at="2024-08-11T23:25:19 PDT" duration-ms="6581">
    <groups>
    </groups>
    <test started-at="2024-08-11T23:25:12 PDT" name="Default test" finished-at="2024-08-11T23:25:19 PDT" duration-ms="6581">
      <class name="scripts.TestHomepageOpening">
        <test-method is-config="true" signature="openApplication()[pri:0, instance:scripts.TestHomepageOpening@729d991e]" started-at="2024-08-11T23:25:12 PDT" name="openApplication" finished-at="2024-08-11T23:25:14 PDT" duration-ms="2136" status="PASS">
          <reporter-output>
          </reporter-output>
        </test-method> <!-- openApplication -->
        <test-method signature="openHomepage()[pri:0, instance:scripts.TestHomepageOpening@729d991e]" started-at="2024-08-11T23:25:14 PDT" name="openHomepage" finished-at="2024-08-11T23:25:15 PDT" duration-ms="536" status="PASS">
          <reporter-output>
          </reporter-output>
        </test-method> <!-- openHomepage -->
        <test-method is-config="true" signature="openApplication()[pri:0, instance:scripts.TestHomepageOpening@729d991e]" started-at="2024-08-11T23:25:15 PDT" name="openApplication" finished-at="2024-08-11T23:25:17 PDT" duration-ms="1517" status="PASS">
          <reporter-output>
          </reporter-output>
        </test-method> <!-- openApplication -->
        <test-method signature="openHomepage2()[pri:0, instance:scripts.TestHomepageOpening@729d991e]" started-at="2024-08-11T23:25:17 PDT" name="openHomepage2" finished-at="2024-08-11T23:25:17 PDT" duration-ms="518" status="FAIL">
          <exception class="java.lang.AssertionError">
            <message>
              <![CDATA[The following asserts failed:
Expected title: null but was different.]]>
            </message>
            <full-stacktrace>
              <![CDATA[java.lang.AssertionError: The following asserts failed:
Expected title: null but was different.
at org.testng.asserts.SoftAssert.assertAll(SoftAssert.java:47)
at org.testng.asserts.SoftAssert.assertAll(SoftAssert.java:31)
at generic.Verification.verifyTitle(Verification.java:36)
at pom.Homepage.verifyHomepageTitle(Homepage.java:63)
at scripts.TestHomepageOpening.openHomepage2(TestHomepageOpening.java:58)
at java.base/jdk.internal.reflect.NativeMethodAccessorImpl.invoke0(Native Method)
at java.base/jdk.internal.reflect.NativeMethodAccessorImpl.invoke(NativeMethodAccessorImpl.java:77)
at java.base/jdk.internal.reflect.DelegatingMethodAccessorImpl.invoke(DelegatingMethodAccessorImpl.java:43)
at java.base/java.lang.reflect.Method.invoke(Method.java:568)
at org.testng.internal.MethodInvocationHelper.invokeMethod(MethodInvocationHelper.java:133)
at org.testng.internal.TestInvoker.invokeMethod(TestInvoker.java:598)
at org.testng.internal.TestInvoker.invokeTestMethod(TestInvoker.java:173)
at org.testng.internal.MethodRunner.runInSequence(MethodRunner.java:46)
at org.testng.internal.TestInvoker$MethodInvocationAgent.invoke(TestInvoker.java:824)
at org.testng.internal.TestInvoker.invokeTestMethods(TestInvoker.java:146)
at org.testng.internal.TestMethodWorker.invokeTestMethods(TestMethodWorker.java:146)
at org.testng.internal.TestMethodWorker.run(TestMethodWorker.java:128)
at java.base/java.util.ArrayList.forEach(ArrayList.java:1511)
at org.testng.TestRunner.privateRun(TestRunner.java:794)
at org.testng.TestRunner.run(TestRunner.java:596)
at org.testng.SuiteRunner.runTest(SuiteRunner.java:377)
at org.testng.SuiteRunner.runSequentially(SuiteRunner.java:371)
at org.testng.SuiteRunner.privateRun(SuiteRunner.java:332)
at org.testng.SuiteRunner.run(SuiteRunner.java:276)
at org.testng.SuiteRunnerWorker.runSuite(SuiteRunnerWorker.java:53)
at org.testng.SuiteRunnerWorker.run(SuiteRunnerWorker.java:96)
at org.testng.TestNG.runSuitesSequentially(TestNG.java:1212)
at org.testng.TestNG.runSuitesLocally(TestNG.java:1134)
at org.testng.TestNG.runSuites(TestNG.java:1063)
at org.testng.TestNG.run(TestNG.java:1031)
at org.testng.remote.AbstractRemoteTestNG.run(AbstractRemoteTestNG.java:115)
at org.testng.remote.RemoteTestNG.initAndRun(RemoteTestNG.java:293)
at org.testng.remote.RemoteTestNG.main(RemoteTestNG.java:91)
]]>
            </full-stacktrace>
          </exception> <!-- java.lang.AssertionError -->
          <reporter-output>
            <line>
              <![CDATA[Test case failed, title didn't match]]>
            </line>
            <line>
              <![CDATA[Screenshot taken due to: TitleMismatch]]>
            </line>
          </reporter-output>
        </test-method> <!-- openHomepage2 -->
        <test-method is-config="true" signature="openApplication()[pri:0, instance:scripts.TestHomepageOpening@729d991e]" started-at="2024-08-11T23:25:17 PDT" name="openApplication" finished-at="2024-08-11T23:25:18 PDT" duration-ms="1364" status="PASS">
          <reporter-output>
          </reporter-output>
        </test-method> <!-- openApplication -->
        <test-method signature="openHomepage3()[pri:0, instance:scripts.TestHomepageOpening@729d991e]" started-at="2024-08-11T23:25:18 PDT" name="openHomepage3" finished-at="2024-08-11T23:25:19 PDT" duration-ms="473" status="FAIL">
          <exception class="java.lang.AssertionError">
            <message>
              <![CDATA[The following asserts failed:
Expected title: null but was different.]]>
            </message>
            <full-stacktrace>
              <![CDATA[java.lang.AssertionError: The following asserts failed:
Expected title: null but was different.
at org.testng.asserts.SoftAssert.assertAll(SoftAssert.java:47)
at org.testng.asserts.SoftAssert.assertAll(SoftAssert.java:31)
at generic.Verification.verifyTitle(Verification.java:36)
at pom.Homepage.verifyHomepageTitle(Homepage.java:63)
at scripts.TestHomepageOpening.openHomepage3(TestHomepageOpening.java:42)
at java.base/jdk.internal.reflect.NativeMethodAccessorImpl.invoke0(Native Method)
at java.base/jdk.internal.reflect.NativeMethodAccessorImpl.invoke(NativeMethodAccessorImpl.java:77)
at java.base/jdk.internal.reflect.DelegatingMethodAccessorImpl.invoke(DelegatingMethodAccessorImpl.java:43)
at java.base/java.lang.reflect.Method.invoke(Method.java:568)
at org.testng.internal.MethodInvocationHelper.invokeMethod(MethodInvocationHelper.java:133)
at org.testng.internal.TestInvoker.invokeMethod(TestInvoker.java:598)
at org.testng.internal.TestInvoker.invokeTestMethod(TestInvoker.java:173)
at org.testng.internal.MethodRunner.runInSequence(MethodRunner.java:46)
at org.testng.internal.TestInvoker$MethodInvocationAgent.invoke(TestInvoker.java:824)
at org.testng.internal.TestInvoker.invokeTestMethods(TestInvoker.java:146)
at org.testng.internal.TestMethodWorker.invokeTestMethods(TestMethodWorker.java:146)
at org.testng.internal.TestMethodWorker.run(TestMethodWorker.java:128)
at java.base/java.util.ArrayList.forEach(ArrayList.java:1511)
at org.testng.TestRunner.privateRun(TestRunner.java:794)
at org.testng.TestRunner.run(TestRunner.java:596)
at org.testng.SuiteRunner.runTest(SuiteRunner.java:377)
at org.testng.SuiteRunner.runSequentially(SuiteRunner.java:371)
at org.testng.SuiteRunner.privateRun(SuiteRunner.java:332)
at org.testng.SuiteRunner.run(SuiteRunner.java:276)
at org.testng.SuiteRunnerWorker.runSuite(SuiteRunnerWorker.java:53)
at org.testng.SuiteRunnerWorker.run(SuiteRunnerWorker.java:96)
at org.testng.TestNG.runSuitesSequentially(TestNG.java:1212)
at org.testng.TestNG.runSuitesLocally(TestNG.java:1134)
at org.testng.TestNG.runSuites(TestNG.java:1063)
at org.testng.TestNG.run(TestNG.java:1031)
at org.testng.remote.AbstractRemoteTestNG.run(AbstractRemoteTestNG.java:115)
at org.testng.remote.RemoteTestNG.initAndRun(RemoteTestNG.java:293)
at org.testng.remote.RemoteTestNG.main(RemoteTestNG.java:91)
]]>
            </full-stacktrace>
          </exception> <!-- java.lang.AssertionError -->
          <reporter-output>
            <line>
              <![CDATA[Test case failed, title didn't match]]>
            </line>
            <line>
              <![CDATA[Screenshot taken due to: TitleMismatch]]>
            </line>
          </reporter-output>
        </test-method> <!-- openHomepage3 -->
      </class> <!-- scripts.TestHomepageOpening -->
    </test> <!-- Default test -->
  </suite> <!-- Default suite -->
</testng-results>
